2022-02-07 08:27:01,373:INFO:PyCaret Supervised Module
2022-02-07 08:27:01,374:INFO:ML Usecase: regression
2022-02-07 08:27:01,374:INFO:version 2.2.2
2022-02-07 08:27:01,375:INFO:Initializing setup()
2022-02-07 08:27:01,375:INFO:setup(target=PAT_AGE, ml_usecase=regression, available_plots={'parameter': 'Hyperparameters', 'residuals': 'Residuals', 'error': 'Prediction Error', 'cooks': 'Cooks Distance', 'rfe': 'Feature Selection', 'learning': 'Learning Curve', 'manifold': 'Manifold Learning', 'vc': 'Validation Curve', 'feature': 'Feature Importance', 'feature_all': 'Feature Importance (All)', 'tree': 'Decision Tree'}, train_size=0.7, test_data=None, preprocess=True, imputation_type=simple, iterative_imputation_iters=5, categorical_features=None, categorical_imputation=constant, categorical_iterative_imputer=lightgbm, ordinal_features=None, high_cardinality_features=None, high_cardinality_method=frequency, numeric_features=None, numeric_imputation=mean, numeric_iterative_imputer=lightgbm, date_features=None, ignore_features=None, normalize=True, normalize_method=zscore, transformation=False, transformation_method=yeo-johnson, handle_unknown_categorical=True, unknown_categorical_method=least_frequent, pca=False, pca_method=linear, pca_components=None, ignore_low_variance=False, combine_rare_levels=False, rare_level_threshold=0.1, bin_numeric_features=None, remove_outliers=False, outliers_threshold=0.05, remove_multicollinearity=False, multicollinearity_threshold=0.9, remove_perfect_collinearity=True, create_clusters=False, cluster_iter=20, polynomial_features=False, polynomial_degree=2, trigonometry_features=False, polynomial_threshold=0.1, group_features=None, group_names=None, feature_selection=False, feature_selection_threshold=0.8, feature_selection_method=classic, feature_interaction=False, feature_ratio=False, interaction_threshold=0.01, fix_imbalance=False, fix_imbalance_method=None, transform_target=False, transform_target_method=box-cox, data_split_shuffle=True, data_split_stratify=False, fold_strategy=kfold, fold=10, fold_shuffle=False, fold_groups=None, n_jobs=-1, use_gpu=False, custom_pipeline=None, html=True, session_id=None, log_experiment=False, experiment_name=None, log_plots=False, log_profile=False, log_data=False, silent=False, verbose=True, profile=False, profile_kwargs=None, display=None)
2022-02-07 08:27:01,376:INFO:Checking environment
2022-02-07 08:27:01,376:INFO:python_version: 3.9.6
2022-02-07 08:27:01,376:INFO:python_build: ('default', 'Jul 11 2021 03:39:48')
2022-02-07 08:27:01,376:INFO:machine: x86_64
2022-02-07 08:27:01,376:INFO:platform: Linux-5.13.0-28-generic-x86_64-with-glibc2.31
2022-02-07 08:27:01,377:INFO:Memory: svmem(total=16391929856, available=10606776320, percent=35.3, used=4466487296, free=4915118080, active=2398031872, inactive=7617945600, buffers=397561856, cached=6612762624, shared=981331968, slab=494026752)
2022-02-07 08:27:01,379:INFO:Physical Core: 4
2022-02-07 08:27:01,379:INFO:Logical Core: 8
2022-02-07 08:27:01,379:INFO:Checking libraries
2022-02-07 08:27:01,379:INFO:pd==1.3.2
2022-02-07 08:27:01,379:INFO:numpy==1.20.3
2022-02-07 08:27:01,379:INFO:sklearn==1.0.1
2022-02-07 08:27:01,398:INFO:xgboost==1.5.2
2022-02-07 08:27:01,399:INFO:lightgbm==3.3.2
2022-02-07 08:27:01,527:INFO:catboost==1.0.4
2022-02-07 08:27:01,771:INFO:mlflow==1.23.1
2022-02-07 08:27:01,771:INFO:Checking Exceptions
2022-02-07 08:27:01,771:INFO:Declaring global variables
2022-02-07 08:27:01,771:INFO:USI: 6345
2022-02-07 08:27:01,771:INFO:pycaret_globals: {'y_train', 'fold_groups_param', 'X', 'fix_imbalance_param', '_gpu_n_jobs_param', 'stratify_param', 'y', 'iterative_imputation_iters_param', 'logging_param', 'data_before_preprocess', 'exp_name_log', 'transform_target_method_param', 'pycaret_globals', 'fix_imbalance_method_param', 'fold_shuffle_param', 'y_test', 'display_container', 'fold_param', 'n_jobs_param', 'prep_pipe', 'master_model_container', '_all_metrics', 'imputation_classifier', 'html_param', 'USI', '_available_plots', 'target_param', 'X_test', 'gpu_param', 'transform_target_param', 'imputation_regressor', '_all_models', '_ml_usecase', 'fold_generator', 'seed', '_all_models_internal', '_internal_pipeline', 'create_model_container', 'X_train', 'log_plots_param', 'experiment__'}
2022-02-07 08:27:01,771:INFO:Preparing display monitor
2022-02-07 08:27:01,771:INFO:Preparing display monitor
2022-02-07 08:27:01,782:INFO:Importing libraries
2022-02-07 08:27:01,782:INFO:Copying data for preprocessing
2022-02-07 08:27:01,792:INFO:Declaring preprocessing parameters
2022-02-07 08:27:01,794:INFO:Creating preprocessing pipeline
2022-02-07 08:27:01,802:INFO:Preprocessing pipeline created successfully
2022-02-07 08:27:01,803:ERROR:(Process Exit): setup has been interupted with user command 'quit'. setup must rerun.
2022-02-07 08:27:01,803:INFO:Creating global containers
2022-02-07 08:27:38,206:INFO:PyCaret Supervised Module
2022-02-07 08:27:38,206:INFO:ML Usecase: regression
2022-02-07 08:27:38,206:INFO:version 2.2.2
2022-02-07 08:27:38,207:INFO:Initializing setup()
2022-02-07 08:27:38,207:INFO:setup(target=PAT_AGE, ml_usecase=regression, available_plots={'parameter': 'Hyperparameters', 'residuals': 'Residuals', 'error': 'Prediction Error', 'cooks': 'Cooks Distance', 'rfe': 'Feature Selection', 'learning': 'Learning Curve', 'manifold': 'Manifold Learning', 'vc': 'Validation Curve', 'feature': 'Feature Importance', 'feature_all': 'Feature Importance (All)', 'tree': 'Decision Tree'}, train_size=0.7, test_data=None, preprocess=True, imputation_type=simple, iterative_imputation_iters=5, categorical_features=None, categorical_imputation=constant, categorical_iterative_imputer=lightgbm, ordinal_features=None, high_cardinality_features=None, high_cardinality_method=frequency, numeric_features=None, numeric_imputation=mean, numeric_iterative_imputer=lightgbm, date_features=None, ignore_features=None, normalize=True, normalize_method=zscore, transformation=False, transformation_method=yeo-johnson, handle_unknown_categorical=True, unknown_categorical_method=least_frequent, pca=False, pca_method=linear, pca_components=None, ignore_low_variance=False, combine_rare_levels=False, rare_level_threshold=0.1, bin_numeric_features=None, remove_outliers=False, outliers_threshold=0.05, remove_multicollinearity=False, multicollinearity_threshold=0.9, remove_perfect_collinearity=True, create_clusters=False, cluster_iter=20, polynomial_features=False, polynomial_degree=2, trigonometry_features=False, polynomial_threshold=0.1, group_features=None, group_names=None, feature_selection=False, feature_selection_threshold=0.8, feature_selection_method=classic, feature_interaction=False, feature_ratio=False, interaction_threshold=0.01, fix_imbalance=False, fix_imbalance_method=None, transform_target=False, transform_target_method=box-cox, data_split_shuffle=True, data_split_stratify=False, fold_strategy=kfold, fold=10, fold_shuffle=False, fold_groups=None, n_jobs=-1, use_gpu=False, custom_pipeline=None, html=True, session_id=None, log_experiment=False, experiment_name=None, log_plots=False, log_profile=False, log_data=False, silent=False, verbose=True, profile=False, profile_kwargs=None, display=None)
2022-02-07 08:27:38,207:INFO:Checking environment
2022-02-07 08:27:38,207:INFO:python_version: 3.9.6
2022-02-07 08:27:38,207:INFO:python_build: ('default', 'Jul 11 2021 03:39:48')
2022-02-07 08:27:38,207:INFO:machine: x86_64
2022-02-07 08:27:38,208:INFO:platform: Linux-5.13.0-28-generic-x86_64-with-glibc2.31
2022-02-07 08:27:38,208:INFO:Memory: svmem(total=16391929856, available=10603728896, percent=35.3, used=4463001600, free=4907884544, active=2398846976, inactive=7620980736, buffers=397664256, cached=6623379456, shared=987869184, slab=494182400)
2022-02-07 08:27:38,210:INFO:Physical Core: 4
2022-02-07 08:27:38,210:INFO:Logical Core: 8
2022-02-07 08:27:38,210:INFO:Checking libraries
2022-02-07 08:27:38,210:INFO:pd==1.3.2
2022-02-07 08:27:38,210:INFO:numpy==1.20.3
2022-02-07 08:27:38,210:INFO:sklearn==1.0.1
2022-02-07 08:27:38,210:INFO:xgboost==1.5.2
2022-02-07 08:27:38,210:INFO:lightgbm==3.3.2
2022-02-07 08:27:38,210:INFO:catboost==1.0.4
2022-02-07 08:27:38,211:INFO:mlflow==1.23.1
2022-02-07 08:27:38,211:INFO:Checking Exceptions
2022-02-07 08:27:38,211:INFO:Declaring global variables
2022-02-07 08:27:38,211:INFO:USI: 9f7a
2022-02-07 08:27:38,211:INFO:pycaret_globals: {'y_train', 'fold_groups_param', 'X', 'fix_imbalance_param', '_gpu_n_jobs_param', 'stratify_param', 'y', 'iterative_imputation_iters_param', 'logging_param', 'data_before_preprocess', 'exp_name_log', 'transform_target_method_param', 'pycaret_globals', 'fix_imbalance_method_param', 'fold_shuffle_param', 'y_test', 'display_container', 'fold_param', 'n_jobs_param', 'prep_pipe', 'master_model_container', '_all_metrics', 'imputation_classifier', 'html_param', 'USI', '_available_plots', 'target_param', 'X_test', 'gpu_param', 'transform_target_param', 'imputation_regressor', '_all_models', '_ml_usecase', 'fold_generator', 'seed', '_all_models_internal', '_internal_pipeline', 'create_model_container', 'X_train', 'log_plots_param', 'experiment__'}
2022-02-07 08:27:38,211:INFO:Preparing display monitor
2022-02-07 08:27:38,211:INFO:Preparing display monitor
2022-02-07 08:27:38,228:INFO:Importing libraries
2022-02-07 08:27:38,228:INFO:Copying data for preprocessing
2022-02-07 08:27:38,236:INFO:Declaring preprocessing parameters
2022-02-07 08:27:38,237:INFO:Creating preprocessing pipeline
2022-02-07 08:27:38,245:INFO:Preprocessing pipeline created successfully
2022-02-07 08:27:38,245:ERROR:(Process Exit): setup has been interupted with user command 'quit'. setup must rerun.
2022-02-07 08:27:38,245:INFO:Creating global containers
2022-02-07 08:28:43,937:INFO:PyCaret Supervised Module
2022-02-07 08:28:43,937:INFO:ML Usecase: regression
2022-02-07 08:28:43,937:INFO:version 2.2.2
2022-02-07 08:28:43,937:INFO:Initializing setup()
2022-02-07 08:28:43,937:INFO:setup(target=PAT_AGE, ml_usecase=regression, available_plots={'parameter': 'Hyperparameters', 'residuals': 'Residuals', 'error': 'Prediction Error', 'cooks': 'Cooks Distance', 'rfe': 'Feature Selection', 'learning': 'Learning Curve', 'manifold': 'Manifold Learning', 'vc': 'Validation Curve', 'feature': 'Feature Importance', 'feature_all': 'Feature Importance (All)', 'tree': 'Decision Tree'}, train_size=0.7, test_data=None, preprocess=True, imputation_type=simple, iterative_imputation_iters=5, categorical_features=None, categorical_imputation=constant, categorical_iterative_imputer=lightgbm, ordinal_features=None, high_cardinality_features=None, high_cardinality_method=frequency, numeric_features=None, numeric_imputation=mean, numeric_iterative_imputer=lightgbm, date_features=None, ignore_features=None, normalize=True, normalize_method=zscore, transformation=False, transformation_method=yeo-johnson, handle_unknown_categorical=True, unknown_categorical_method=least_frequent, pca=False, pca_method=linear, pca_components=None, ignore_low_variance=False, combine_rare_levels=False, rare_level_threshold=0.1, bin_numeric_features=None, remove_outliers=False, outliers_threshold=0.05, remove_multicollinearity=False, multicollinearity_threshold=0.9, remove_perfect_collinearity=True, create_clusters=False, cluster_iter=20, polynomial_features=False, polynomial_degree=2, trigonometry_features=False, polynomial_threshold=0.1, group_features=None, group_names=None, feature_selection=False, feature_selection_threshold=0.8, feature_selection_method=classic, feature_interaction=False, feature_ratio=False, interaction_threshold=0.01, fix_imbalance=False, fix_imbalance_method=None, transform_target=False, transform_target_method=box-cox, data_split_shuffle=True, data_split_stratify=False, fold_strategy=kfold, fold=10, fold_shuffle=False, fold_groups=None, n_jobs=-1, use_gpu=False, custom_pipeline=None, html=True, session_id=None, log_experiment=False, experiment_name=None, log_plots=False, log_profile=False, log_data=False, silent=False, verbose=True, profile=False, profile_kwargs=None, display=None)
2022-02-07 08:28:43,937:INFO:Checking environment
2022-02-07 08:28:43,937:INFO:python_version: 3.9.6
2022-02-07 08:28:43,937:INFO:python_build: ('default', 'Jul 11 2021 03:39:48')
2022-02-07 08:28:43,937:INFO:machine: x86_64
2022-02-07 08:28:43,937:INFO:platform: Linux-5.13.0-28-generic-x86_64-with-glibc2.31
2022-02-07 08:28:43,938:INFO:Memory: svmem(total=16391929856, available=10544254976, percent=35.7, used=4502007808, free=4848209920, active=2398998528, inactive=7661846528, buffers=397783040, cached=6643929088, shared=1008336896, slab=494186496)
2022-02-07 08:28:43,939:INFO:Physical Core: 4
2022-02-07 08:28:43,939:INFO:Logical Core: 8
2022-02-07 08:28:43,939:INFO:Checking libraries
2022-02-07 08:28:43,939:INFO:pd==1.3.2
2022-02-07 08:28:43,939:INFO:numpy==1.20.3
2022-02-07 08:28:43,940:INFO:sklearn==1.0.1
2022-02-07 08:28:43,940:INFO:xgboost==1.5.2
2022-02-07 08:28:43,940:INFO:lightgbm==3.3.2
2022-02-07 08:28:43,940:INFO:catboost==1.0.4
2022-02-07 08:28:43,940:INFO:mlflow==1.23.1
2022-02-07 08:28:43,940:INFO:Checking Exceptions
2022-02-07 08:28:43,940:INFO:Declaring global variables
2022-02-07 08:28:43,940:INFO:USI: 598e
2022-02-07 08:28:43,940:INFO:pycaret_globals: {'y_train', 'fold_groups_param', 'X', 'fix_imbalance_param', '_gpu_n_jobs_param', 'stratify_param', 'y', 'iterative_imputation_iters_param', 'logging_param', 'data_before_preprocess', 'exp_name_log', 'transform_target_method_param', 'pycaret_globals', 'fix_imbalance_method_param', 'fold_shuffle_param', 'y_test', 'display_container', 'fold_param', 'n_jobs_param', 'prep_pipe', 'master_model_container', '_all_metrics', 'imputation_classifier', 'html_param', 'USI', '_available_plots', 'target_param', 'X_test', 'gpu_param', 'transform_target_param', 'imputation_regressor', '_all_models', '_ml_usecase', 'fold_generator', 'seed', '_all_models_internal', '_internal_pipeline', 'create_model_container', 'X_train', 'log_plots_param', 'experiment__'}
2022-02-07 08:28:43,940:INFO:Preparing display monitor
2022-02-07 08:28:43,940:INFO:Preparing display monitor
2022-02-07 08:28:43,952:INFO:Importing libraries
2022-02-07 08:28:43,952:INFO:Copying data for preprocessing
2022-02-07 08:28:43,960:INFO:Declaring preprocessing parameters
2022-02-07 08:28:43,961:INFO:Creating preprocessing pipeline
2022-02-07 08:28:43,966:INFO:Preprocessing pipeline created successfully
2022-02-07 08:28:43,966:ERROR:(Process Exit): setup has been interupted with user command 'quit'. setup must rerun.
2022-02-07 08:28:43,966:INFO:Creating global containers
2022-02-07 08:29:37,123:INFO:PyCaret Supervised Module
2022-02-07 08:29:37,123:INFO:ML Usecase: regression
2022-02-07 08:29:37,123:INFO:version 2.2.2
2022-02-07 08:29:37,123:INFO:Initializing setup()
2022-02-07 08:29:37,123:INFO:setup(target=PAT_AGE, ml_usecase=regression, available_plots={'parameter': 'Hyperparameters', 'residuals': 'Residuals', 'error': 'Prediction Error', 'cooks': 'Cooks Distance', 'rfe': 'Feature Selection', 'learning': 'Learning Curve', 'manifold': 'Manifold Learning', 'vc': 'Validation Curve', 'feature': 'Feature Importance', 'feature_all': 'Feature Importance (All)', 'tree': 'Decision Tree'}, train_size=0.7, test_data=None, preprocess=True, imputation_type=simple, iterative_imputation_iters=5, categorical_features=None, categorical_imputation=constant, categorical_iterative_imputer=lightgbm, ordinal_features=None, high_cardinality_features=None, high_cardinality_method=frequency, numeric_features=None, numeric_imputation=mean, numeric_iterative_imputer=lightgbm, date_features=None, ignore_features=None, normalize=True, normalize_method=zscore, transformation=False, transformation_method=yeo-johnson, handle_unknown_categorical=True, unknown_categorical_method=least_frequent, pca=False, pca_method=linear, pca_components=None, ignore_low_variance=False, combine_rare_levels=False, rare_level_threshold=0.1, bin_numeric_features=None, remove_outliers=False, outliers_threshold=0.05, remove_multicollinearity=False, multicollinearity_threshold=0.9, remove_perfect_collinearity=True, create_clusters=False, cluster_iter=20, polynomial_features=False, polynomial_degree=2, trigonometry_features=False, polynomial_threshold=0.1, group_features=None, group_names=None, feature_selection=False, feature_selection_threshold=0.8, feature_selection_method=classic, feature_interaction=False, feature_ratio=False, interaction_threshold=0.01, fix_imbalance=False, fix_imbalance_method=None, transform_target=False, transform_target_method=box-cox, data_split_shuffle=True, data_split_stratify=False, fold_strategy=kfold, fold=10, fold_shuffle=True, fold_groups=None, n_jobs=-1, use_gpu=False, custom_pipeline=None, html=True, session_id=2, log_experiment=False, experiment_name=None, log_plots=False, log_profile=False, log_data=False, silent=False, verbose=True, profile=False, profile_kwargs=None, display=None)
2022-02-07 08:29:37,123:INFO:Checking environment
2022-02-07 08:29:37,123:INFO:python_version: 3.9.6
2022-02-07 08:29:37,123:INFO:python_build: ('default', 'Jul 11 2021 03:39:48')
2022-02-07 08:29:37,123:INFO:machine: x86_64
2022-02-07 08:29:37,124:INFO:platform: Linux-5.13.0-28-generic-x86_64-with-glibc2.31
2022-02-07 08:29:37,124:INFO:Memory: svmem(total=16391929856, available=10514456576, percent=35.9, used=4552519680, free=4837064704, active=2399281152, inactive=7646126080, buffers=397934592, cached=6604410880, shared=987582464, slab=493989888)
2022-02-07 08:29:37,125:INFO:Physical Core: 4
2022-02-07 08:29:37,125:INFO:Logical Core: 8
2022-02-07 08:29:37,125:INFO:Checking libraries
2022-02-07 08:29:37,125:INFO:pd==1.3.2
2022-02-07 08:29:37,125:INFO:numpy==1.20.3
2022-02-07 08:29:37,125:INFO:sklearn==1.0.1
2022-02-07 08:29:37,125:INFO:xgboost==1.5.2
2022-02-07 08:29:37,125:INFO:lightgbm==3.3.2
2022-02-07 08:29:37,125:INFO:catboost==1.0.4
2022-02-07 08:29:37,125:INFO:mlflow==1.23.1
2022-02-07 08:29:37,126:INFO:Checking Exceptions
2022-02-07 08:29:37,126:INFO:Declaring global variables
2022-02-07 08:29:37,126:INFO:USI: 324f
2022-02-07 08:29:37,126:INFO:pycaret_globals: {'y_train', 'fold_groups_param', 'X', 'fix_imbalance_param', '_gpu_n_jobs_param', 'stratify_param', 'y', 'iterative_imputation_iters_param', 'logging_param', 'data_before_preprocess', 'exp_name_log', 'transform_target_method_param', 'pycaret_globals', 'fix_imbalance_method_param', 'fold_shuffle_param', 'y_test', 'display_container', 'fold_param', 'n_jobs_param', 'prep_pipe', 'master_model_container', '_all_metrics', 'imputation_classifier', 'html_param', 'USI', '_available_plots', 'target_param', 'X_test', 'gpu_param', 'transform_target_param', 'imputation_regressor', '_all_models', '_ml_usecase', 'fold_generator', 'seed', '_all_models_internal', '_internal_pipeline', 'create_model_container', 'X_train', 'log_plots_param', 'experiment__'}
2022-02-07 08:29:37,126:INFO:Preparing display monitor
2022-02-07 08:29:37,126:INFO:Preparing display monitor
2022-02-07 08:29:37,140:INFO:Importing libraries
2022-02-07 08:29:37,140:INFO:Copying data for preprocessing
2022-02-07 08:29:37,149:INFO:Declaring preprocessing parameters
2022-02-07 08:29:37,150:INFO:Creating preprocessing pipeline
2022-02-07 08:29:37,154:INFO:Preprocessing pipeline created successfully
2022-02-07 08:29:37,154:ERROR:(Process Exit): setup has been interupted with user command 'quit'. setup must rerun.
2022-02-07 08:29:37,154:INFO:Creating global containers
2022-02-07 08:29:37,155:INFO:Internal pipeline: Pipeline(memory=None, steps=[('empty_step', 'passthrough')], verbose=False)
2022-02-07 08:29:45,294:INFO:Creating grid variables
2022-02-07 08:29:45,305:INFO:create_model_container: 0
2022-02-07 08:29:45,306:INFO:master_model_container: 0
2022-02-07 08:29:45,306:INFO:display_container: 0
2022-02-07 08:29:51,212:INFO:PyCaret Supervised Module
2022-02-07 08:29:51,214:INFO:ML Usecase: regression
2022-02-07 08:29:51,214:INFO:version 2.2.2
2022-02-07 08:29:51,214:INFO:Initializing setup()
2022-02-07 08:29:51,214:INFO:setup(target=PAT_AGE, ml_usecase=regression, available_plots={'parameter': 'Hyperparameters', 'residuals': 'Residuals', 'error': 'Prediction Error', 'cooks': 'Cooks Distance', 'rfe': 'Feature Selection', 'learning': 'Learning Curve', 'manifold': 'Manifold Learning', 'vc': 'Validation Curve', 'feature': 'Feature Importance', 'feature_all': 'Feature Importance (All)', 'tree': 'Decision Tree'}, train_size=0.7, test_data=None, preprocess=True, imputation_type=simple, iterative_imputation_iters=5, categorical_features=None, categorical_imputation=constant, categorical_iterative_imputer=lightgbm, ordinal_features=None, high_cardinality_features=None, high_cardinality_method=frequency, numeric_features=None, numeric_imputation=mean, numeric_iterative_imputer=lightgbm, date_features=None, ignore_features=None, normalize=True, normalize_method=zscore, transformation=False, transformation_method=yeo-johnson, handle_unknown_categorical=True, unknown_categorical_method=least_frequent, pca=False, pca_method=linear, pca_components=None, ignore_low_variance=False, combine_rare_levels=False, rare_level_threshold=0.1, bin_numeric_features=None, remove_outliers=False, outliers_threshold=0.05, remove_multicollinearity=False, multicollinearity_threshold=0.9, remove_perfect_collinearity=True, create_clusters=False, cluster_iter=20, polynomial_features=False, polynomial_degree=2, trigonometry_features=False, polynomial_threshold=0.1, group_features=None, group_names=None, feature_selection=False, feature_selection_threshold=0.8, feature_selection_method=classic, feature_interaction=False, feature_ratio=False, interaction_threshold=0.01, fix_imbalance=False, fix_imbalance_method=None, transform_target=False, transform_target_method=box-cox, data_split_shuffle=True, data_split_stratify=False, fold_strategy=kfold, fold=10, fold_shuffle=True, fold_groups=None, n_jobs=-1, use_gpu=False, custom_pipeline=None, html=True, session_id=2, log_experiment=False, experiment_name=None, log_plots=False, log_profile=False, log_data=False, silent=False, verbose=True, profile=False, profile_kwargs=None, display=None)
2022-02-07 08:29:51,214:INFO:Checking environment
2022-02-07 08:29:51,214:INFO:python_version: 3.9.6
2022-02-07 08:29:51,214:INFO:python_build: ('default', 'Jul 11 2021 03:39:48')
2022-02-07 08:29:51,214:INFO:machine: x86_64
2022-02-07 08:29:51,214:INFO:platform: Linux-5.13.0-28-generic-x86_64-with-glibc2.31
2022-02-07 08:29:51,214:INFO:Memory: svmem(total=16391929856, available=10534469632, percent=35.7, used=4543705088, free=4856733696, active=2400391168, inactive=7637860352, buffers=397983744, cached=6593507328, shared=976424960, slab=494022656)
2022-02-07 08:29:51,215:INFO:Physical Core: 4
2022-02-07 08:29:51,215:INFO:Logical Core: 8
2022-02-07 08:29:51,215:INFO:Checking libraries
2022-02-07 08:29:51,215:INFO:pd==1.3.2
2022-02-07 08:29:51,215:INFO:numpy==1.20.3
2022-02-07 08:29:51,215:INFO:sklearn==1.0.1
2022-02-07 08:29:51,215:INFO:xgboost==1.5.2
2022-02-07 08:29:51,215:INFO:lightgbm==3.3.2
2022-02-07 08:29:51,215:INFO:catboost==1.0.4
2022-02-07 08:29:51,215:INFO:mlflow==1.23.1
2022-02-07 08:29:51,215:INFO:Checking Exceptions
2022-02-07 08:29:51,215:INFO:Declaring global variables
2022-02-07 08:29:51,215:INFO:USI: 76bd
2022-02-07 08:29:51,215:INFO:pycaret_globals: {'y_train', 'fold_groups_param', 'X', 'fix_imbalance_param', '_gpu_n_jobs_param', 'stratify_param', 'y', 'iterative_imputation_iters_param', 'logging_param', 'data_before_preprocess', 'exp_name_log', 'transform_target_method_param', 'pycaret_globals', 'fix_imbalance_method_param', 'fold_shuffle_param', 'y_test', 'display_container', 'fold_param', 'n_jobs_param', 'prep_pipe', 'master_model_container', '_all_metrics', 'imputation_classifier', 'html_param', 'USI', '_available_plots', 'target_param', 'X_test', 'gpu_param', 'transform_target_param', 'imputation_regressor', '_all_models', '_ml_usecase', 'fold_generator', 'seed', '_all_models_internal', '_internal_pipeline', 'create_model_container', 'X_train', 'log_plots_param', 'experiment__'}
2022-02-07 08:29:51,215:INFO:Preparing display monitor
2022-02-07 08:29:51,215:INFO:Preparing display monitor
2022-02-07 08:29:51,227:INFO:Importing libraries
2022-02-07 08:29:51,227:INFO:Copying data for preprocessing
2022-02-07 08:29:51,234:INFO:Declaring preprocessing parameters
2022-02-07 08:29:51,235:INFO:Creating preprocessing pipeline
2022-02-07 08:29:51,239:INFO:Preprocessing pipeline created successfully
2022-02-07 08:29:51,239:ERROR:(Process Exit): setup has been interupted with user command 'quit'. setup must rerun.
2022-02-07 08:29:51,239:INFO:Creating global containers
2022-02-07 08:29:51,239:INFO:Internal pipeline: Pipeline(memory=None, steps=[('empty_step', 'passthrough')], verbose=False)
2022-02-07 08:30:02,976:INFO:PyCaret Supervised Module
2022-02-07 08:30:02,977:INFO:ML Usecase: regression
2022-02-07 08:30:02,977:INFO:version 2.2.2
2022-02-07 08:30:02,977:INFO:Initializing setup()
2022-02-07 08:30:02,978:INFO:setup(target=PAT_AGE, ml_usecase=regression, available_plots={'parameter': 'Hyperparameters', 'residuals': 'Residuals', 'error': 'Prediction Error', 'cooks': 'Cooks Distance', 'rfe': 'Feature Selection', 'learning': 'Learning Curve', 'manifold': 'Manifold Learning', 'vc': 'Validation Curve', 'feature': 'Feature Importance', 'feature_all': 'Feature Importance (All)', 'tree': 'Decision Tree'}, train_size=0.7, test_data=None, preprocess=True, imputation_type=simple, iterative_imputation_iters=5, categorical_features=None, categorical_imputation=constant, categorical_iterative_imputer=lightgbm, ordinal_features=None, high_cardinality_features=None, high_cardinality_method=frequency, numeric_features=None, numeric_imputation=mean, numeric_iterative_imputer=lightgbm, date_features=None, ignore_features=None, normalize=True, normalize_method=zscore, transformation=False, transformation_method=yeo-johnson, handle_unknown_categorical=True, unknown_categorical_method=least_frequent, pca=False, pca_method=linear, pca_components=None, ignore_low_variance=False, combine_rare_levels=False, rare_level_threshold=0.1, bin_numeric_features=None, remove_outliers=False, outliers_threshold=0.05, remove_multicollinearity=False, multicollinearity_threshold=0.9, remove_perfect_collinearity=True, create_clusters=False, cluster_iter=20, polynomial_features=False, polynomial_degree=2, trigonometry_features=False, polynomial_threshold=0.1, group_features=None, group_names=None, feature_selection=False, feature_selection_threshold=0.8, feature_selection_method=classic, feature_interaction=False, feature_ratio=False, interaction_threshold=0.01, fix_imbalance=False, fix_imbalance_method=None, transform_target=False, transform_target_method=box-cox, data_split_shuffle=True, data_split_stratify=False, fold_strategy=kfold, fold=10, fold_shuffle=True, fold_groups=None, n_jobs=-1, use_gpu=False, custom_pipeline=None, html=True, session_id=2, log_experiment=False, experiment_name=None, log_plots=False, log_profile=False, log_data=False, silent=False, verbose=True, profile=False, profile_kwargs=None, display=None)
2022-02-07 08:30:02,978:INFO:Checking environment
2022-02-07 08:30:02,978:INFO:python_version: 3.9.6
2022-02-07 08:30:02,978:INFO:python_build: ('default', 'Jul 11 2021 03:39:48')
2022-02-07 08:30:02,978:INFO:machine: x86_64
2022-02-07 08:30:02,978:INFO:platform: Linux-5.13.0-28-generic-x86_64-with-glibc2.31
2022-02-07 08:30:02,978:INFO:Memory: svmem(total=16391929856, available=10541563904, percent=35.7, used=4543954944, free=4863766528, active=2400407552, inactive=7641190400, buffers=398004224, cached=6586204160, shared=969080832, slab=494022656)
2022-02-07 08:30:02,979:INFO:Physical Core: 4
2022-02-07 08:30:02,979:INFO:Logical Core: 8
2022-02-07 08:30:02,979:INFO:Checking libraries
2022-02-07 08:30:02,979:INFO:pd==1.3.2
2022-02-07 08:30:02,979:INFO:numpy==1.20.3
2022-02-07 08:30:02,979:INFO:sklearn==1.0.1
2022-02-07 08:30:02,979:INFO:xgboost==1.5.2
2022-02-07 08:30:02,979:INFO:lightgbm==3.3.2
2022-02-07 08:30:02,979:INFO:catboost==1.0.4
2022-02-07 08:30:02,979:INFO:mlflow==1.23.1
2022-02-07 08:30:02,979:INFO:Checking Exceptions
2022-02-07 08:30:02,980:INFO:Declaring global variables
2022-02-07 08:30:02,980:INFO:USI: 650c
2022-02-07 08:30:02,980:INFO:pycaret_globals: {'y_train', 'fold_groups_param', 'X', 'fix_imbalance_param', '_gpu_n_jobs_param', 'stratify_param', 'y', 'iterative_imputation_iters_param', 'logging_param', 'data_before_preprocess', 'exp_name_log', 'transform_target_method_param', 'pycaret_globals', 'fix_imbalance_method_param', 'fold_shuffle_param', 'y_test', 'display_container', 'fold_param', 'n_jobs_param', 'prep_pipe', 'master_model_container', '_all_metrics', 'imputation_classifier', 'html_param', 'USI', '_available_plots', 'target_param', 'X_test', 'gpu_param', 'transform_target_param', 'imputation_regressor', '_all_models', '_ml_usecase', 'fold_generator', 'seed', '_all_models_internal', '_internal_pipeline', 'create_model_container', 'X_train', 'log_plots_param', 'experiment__'}
2022-02-07 08:30:02,980:INFO:Preparing display monitor
2022-02-07 08:30:02,980:INFO:Preparing display monitor
2022-02-07 08:30:02,996:INFO:Importing libraries
2022-02-07 08:30:02,996:INFO:Copying data for preprocessing
2022-02-07 08:30:03,005:INFO:Declaring preprocessing parameters
2022-02-07 08:30:03,006:INFO:Creating preprocessing pipeline
2022-02-07 08:30:03,010:INFO:Preprocessing pipeline created successfully
2022-02-07 08:30:03,010:ERROR:(Process Exit): setup has been interupted with user command 'quit'. setup must rerun.
2022-02-07 08:30:03,010:INFO:Creating global containers
2022-02-07 08:30:03,010:INFO:Internal pipeline: Pipeline(memory=None, steps=[('empty_step', 'passthrough')], verbose=False)
2022-02-07 08:30:06,175:INFO:Creating grid variables
2022-02-07 08:30:06,189:INFO:create_model_container: 0
2022-02-07 08:30:06,189:INFO:master_model_container: 0
2022-02-07 08:30:06,190:INFO:display_container: 0
2022-02-07 08:31:22,147:INFO:PyCaret Supervised Module
2022-02-07 08:31:22,147:INFO:ML Usecase: regression
2022-02-07 08:31:22,147:INFO:version 2.2.2
2022-02-07 08:31:22,147:INFO:Initializing setup()
2022-02-07 08:31:22,147:INFO:setup(target=PAT_AGE, ml_usecase=regression, available_plots={'parameter': 'Hyperparameters', 'residuals': 'Residuals', 'error': 'Prediction Error', 'cooks': 'Cooks Distance', 'rfe': 'Feature Selection', 'learning': 'Learning Curve', 'manifold': 'Manifold Learning', 'vc': 'Validation Curve', 'feature': 'Feature Importance', 'feature_all': 'Feature Importance (All)', 'tree': 'Decision Tree'}, train_size=0.7, test_data=None, preprocess=True, imputation_type=iterative, iterative_imputation_iters=5, categorical_features=None, categorical_imputation=constant, categorical_iterative_imputer=lightgbm, ordinal_features=None, high_cardinality_features=None, high_cardinality_method=frequency, numeric_features=None, numeric_imputation=mean, numeric_iterative_imputer=lightgbm, date_features=None, ignore_features=None, normalize=True, normalize_method=zscore, transformation=False, transformation_method=yeo-johnson, handle_unknown_categorical=True, unknown_categorical_method=least_frequent, pca=False, pca_method=linear, pca_components=None, ignore_low_variance=False, combine_rare_levels=False, rare_level_threshold=0.1, bin_numeric_features=None, remove_outliers=False, outliers_threshold=0.05, remove_multicollinearity=False, multicollinearity_threshold=0.9, remove_perfect_collinearity=True, create_clusters=False, cluster_iter=20, polynomial_features=False, polynomial_degree=2, trigonometry_features=False, polynomial_threshold=0.1, group_features=None, group_names=None, feature_selection=False, feature_selection_threshold=0.8, feature_selection_method=classic, feature_interaction=False, feature_ratio=False, interaction_threshold=0.01, fix_imbalance=False, fix_imbalance_method=None, transform_target=False, transform_target_method=box-cox, data_split_shuffle=True, data_split_stratify=False, fold_strategy=kfold, fold=10, fold_shuffle=True, fold_groups=None, n_jobs=-1, use_gpu=False, custom_pipeline=None, html=True, session_id=2, log_experiment=False, experiment_name=None, log_plots=False, log_profile=False, log_data=False, silent=False, verbose=True, profile=False, profile_kwargs=None, display=None)
2022-02-07 08:31:22,147:INFO:Checking environment
2022-02-07 08:31:22,147:INFO:python_version: 3.9.6
2022-02-07 08:31:22,147:INFO:python_build: ('default', 'Jul 11 2021 03:39:48')
2022-02-07 08:31:22,147:INFO:machine: x86_64
2022-02-07 08:31:22,148:INFO:platform: Linux-5.13.0-28-generic-x86_64-with-glibc2.31
2022-02-07 08:31:22,148:INFO:Memory: svmem(total=16391929856, available=10418343936, percent=36.4, used=4630630400, free=4738719744, active=2401017856, inactive=7731556352, buffers=398200832, cached=6624378880, shared=1005625344, slab=494419968)
2022-02-07 08:31:22,149:INFO:Physical Core: 4
2022-02-07 08:31:22,149:INFO:Logical Core: 8
2022-02-07 08:31:22,149:INFO:Checking libraries
2022-02-07 08:31:22,149:INFO:pd==1.3.2
2022-02-07 08:31:22,149:INFO:numpy==1.20.3
2022-02-07 08:31:22,149:INFO:sklearn==1.0.1
2022-02-07 08:31:22,149:INFO:xgboost==1.5.2
2022-02-07 08:31:22,149:INFO:lightgbm==3.3.2
2022-02-07 08:31:22,149:INFO:catboost==1.0.4
2022-02-07 08:31:22,149:INFO:mlflow==1.23.1
2022-02-07 08:31:22,149:INFO:Checking Exceptions
2022-02-07 08:31:22,150:INFO:Declaring global variables
2022-02-07 08:31:22,150:INFO:USI: b952
2022-02-07 08:31:22,150:INFO:pycaret_globals: {'y_train', 'fold_groups_param', 'X', 'fix_imbalance_param', '_gpu_n_jobs_param', 'stratify_param', 'y', 'iterative_imputation_iters_param', 'logging_param', 'data_before_preprocess', 'exp_name_log', 'transform_target_method_param', 'pycaret_globals', 'fix_imbalance_method_param', 'fold_shuffle_param', 'y_test', 'display_container', 'fold_param', 'n_jobs_param', 'prep_pipe', 'master_model_container', '_all_metrics', 'imputation_classifier', 'html_param', 'USI', '_available_plots', 'target_param', 'X_test', 'gpu_param', 'transform_target_param', 'imputation_regressor', '_all_models', '_ml_usecase', 'fold_generator', 'seed', '_all_models_internal', '_internal_pipeline', 'create_model_container', 'X_train', 'log_plots_param', 'experiment__'}
2022-02-07 08:31:22,150:INFO:Preparing display monitor
2022-02-07 08:31:22,150:INFO:Preparing display monitor
2022-02-07 08:31:22,165:INFO:Importing libraries
2022-02-07 08:31:22,165:INFO:Copying data for preprocessing
2022-02-07 08:31:22,173:INFO:Declaring preprocessing parameters
2022-02-07 08:31:22,174:INFO:Setting up iterative imputation
2022-02-07 08:31:22,380:INFO:Creating preprocessing pipeline
2022-02-07 08:31:22,384:INFO:Preprocessing pipeline created successfully
2022-02-07 08:31:22,384:ERROR:(Process Exit): setup has been interupted with user command 'quit'. setup must rerun.
2022-02-07 08:31:22,384:INFO:Creating global containers
2022-02-07 08:31:22,384:INFO:Internal pipeline: Pipeline(memory=None, steps=[('empty_step', 'passthrough')], verbose=False)
2022-02-07 08:31:23,970:INFO:Iterative Imputation: 1 cycle | VAL_PM1
2022-02-07 08:31:24,434:INFO:Iterative Imputation: 1 cycle | VAL_C1
2022-02-07 08:31:24,969:INFO:Iterative Imputation: 1 cycle | VAL_M2
2022-02-07 08:31:25,494:INFO:Iterative Imputation: 1 cycle | VAL_M1
2022-02-07 08:31:25,856:INFO:Iterative Imputation: 1 cycle | VAL_I2
2022-02-07 08:31:26,269:INFO:Iterative Imputation: 1 cycle | VAL_I1
2022-02-07 08:31:26,635:INFO:Iterative Imputation: 1 cycle | VAL_PM2
2022-02-07 08:31:27,084:INFO:Iterative Imputation: 1 cycle | VAL_M3
2022-02-07 08:31:27,466:INFO:Iterative Imputation: 2 cycle | VAL_PM1
2022-02-07 08:31:27,922:INFO:Iterative Imputation: 2 cycle | VAL_C1
2022-02-07 08:31:28,347:INFO:Iterative Imputation: 2 cycle | VAL_M2
2022-02-07 08:31:28,803:INFO:Iterative Imputation: 2 cycle | VAL_M1
2022-02-07 08:31:29,164:INFO:Iterative Imputation: 2 cycle | VAL_I2
2022-02-07 08:31:29,523:INFO:Iterative Imputation: 2 cycle | VAL_I1
2022-02-07 08:31:29,929:INFO:Iterative Imputation: 2 cycle | VAL_PM2
2022-02-07 08:31:30,435:INFO:Iterative Imputation: 2 cycle | VAL_M3
2022-02-07 08:31:30,841:INFO:Iterative Imputation: 3 cycle | VAL_PM1
2022-02-07 08:31:31,269:INFO:Iterative Imputation: 3 cycle | VAL_C1
2022-02-07 08:31:31,712:INFO:Iterative Imputation: 3 cycle | VAL_M2
2022-02-07 08:31:32,157:INFO:Iterative Imputation: 3 cycle | VAL_M1
2022-02-07 08:31:32,511:INFO:Iterative Imputation: 3 cycle | VAL_I2
2022-02-07 08:31:32,866:INFO:Iterative Imputation: 3 cycle | VAL_I1
2022-02-07 08:31:33,207:INFO:Iterative Imputation: 3 cycle | VAL_PM2
2022-02-07 08:31:33,710:INFO:Iterative Imputation: 3 cycle | VAL_M3
2022-02-07 08:31:34,357:INFO:Iterative Imputation: 4 cycle | VAL_PM1
2022-02-07 08:31:34,965:INFO:Iterative Imputation: 4 cycle | VAL_C1
2022-02-07 08:31:35,551:INFO:Iterative Imputation: 4 cycle | VAL_M2
2022-02-07 08:31:36,106:INFO:Iterative Imputation: 4 cycle | VAL_M1
2022-02-07 08:31:36,560:INFO:Iterative Imputation: 4 cycle | VAL_I2
2022-02-07 08:31:37,054:INFO:Iterative Imputation: 4 cycle | VAL_I1
2022-02-07 08:31:37,539:INFO:Iterative Imputation: 4 cycle | VAL_PM2
2022-02-07 08:31:38,041:INFO:Iterative Imputation: 4 cycle | VAL_M3
2022-02-07 08:31:38,454:INFO:Iterative Imputation: 5 cycle | VAL_PM1
2022-02-07 08:31:38,939:INFO:Iterative Imputation: 5 cycle | VAL_C1
2022-02-07 08:31:39,385:INFO:Iterative Imputation: 5 cycle | VAL_M2
2022-02-07 08:31:39,989:INFO:Iterative Imputation: 5 cycle | VAL_M1
2022-02-07 08:31:40,454:INFO:Iterative Imputation: 5 cycle | VAL_I2
2022-02-07 08:31:41,181:INFO:Iterative Imputation: 5 cycle | VAL_I1
2022-02-07 08:31:41,682:INFO:Iterative Imputation: 5 cycle | VAL_PM2
2022-02-07 08:31:42,277:INFO:Iterative Imputation: 5 cycle | VAL_M3
2022-02-07 08:31:42,864:INFO:Iterative Imputation: 1 cycle | VAL_PM1
2022-02-07 08:31:43,005:INFO:Iterative Imputation: 1 cycle | VAL_C1
2022-02-07 08:31:43,102:INFO:Iterative Imputation: 1 cycle | VAL_M2
2022-02-07 08:31:43,203:INFO:Iterative Imputation: 1 cycle | VAL_M1
2022-02-07 08:31:43,317:INFO:Iterative Imputation: 1 cycle | VAL_I2
2022-02-07 08:31:43,415:INFO:Iterative Imputation: 1 cycle | VAL_I1
2022-02-07 08:31:43,518:INFO:Iterative Imputation: 1 cycle | VAL_PM2
2022-02-07 08:31:43,622:INFO:Iterative Imputation: 1 cycle | VAL_M3
2022-02-07 08:31:43,724:INFO:Iterative Imputation: 2 cycle | VAL_PM1
2022-02-07 08:31:43,850:INFO:Iterative Imputation: 2 cycle | VAL_C1
2022-02-07 08:31:43,954:INFO:Iterative Imputation: 2 cycle | VAL_M2
2022-02-07 08:31:44,062:INFO:Iterative Imputation: 2 cycle | VAL_M1
2022-02-07 08:31:44,160:INFO:Iterative Imputation: 2 cycle | VAL_I2
2022-02-07 08:31:44,267:INFO:Iterative Imputation: 2 cycle | VAL_I1
2022-02-07 08:31:44,375:INFO:Iterative Imputation: 2 cycle | VAL_PM2
2022-02-07 08:31:44,488:INFO:Iterative Imputation: 2 cycle | VAL_M3
2022-02-07 08:31:44,625:INFO:Iterative Imputation: 3 cycle | VAL_PM1
2022-02-07 08:31:44,723:INFO:Iterative Imputation: 3 cycle | VAL_C1
2022-02-07 08:31:44,841:INFO:Iterative Imputation: 3 cycle | VAL_M2
2022-02-07 08:31:44,937:INFO:Iterative Imputation: 3 cycle | VAL_M1
2022-02-07 08:31:45,056:INFO:Iterative Imputation: 3 cycle | VAL_I2
2022-02-07 08:31:45,171:INFO:Iterative Imputation: 3 cycle | VAL_I1
2022-02-07 08:31:45,285:INFO:Iterative Imputation: 3 cycle | VAL_PM2
2022-02-07 08:31:45,383:INFO:Iterative Imputation: 3 cycle | VAL_M3
2022-02-07 08:31:45,499:INFO:Iterative Imputation: 4 cycle | VAL_PM1
2022-02-07 08:31:45,602:INFO:Iterative Imputation: 4 cycle | VAL_C1
2022-02-07 08:31:45,733:INFO:Iterative Imputation: 4 cycle | VAL_M2
2022-02-07 08:31:45,847:INFO:Iterative Imputation: 4 cycle | VAL_M1
2022-02-07 08:31:45,944:INFO:Iterative Imputation: 4 cycle | VAL_I2
2022-02-07 08:31:46,059:INFO:Iterative Imputation: 4 cycle | VAL_I1
2022-02-07 08:31:46,174:INFO:Iterative Imputation: 4 cycle | VAL_PM2
2022-02-07 08:31:46,309:INFO:Iterative Imputation: 4 cycle | VAL_M3
2022-02-07 08:31:46,411:INFO:Iterative Imputation: 5 cycle | VAL_PM1
2022-02-07 08:31:46,523:INFO:Iterative Imputation: 5 cycle | VAL_C1
2022-02-07 08:31:46,650:INFO:Iterative Imputation: 5 cycle | VAL_M2
2022-02-07 08:31:46,792:INFO:Iterative Imputation: 5 cycle | VAL_M1
2022-02-07 08:31:46,888:INFO:Iterative Imputation: 5 cycle | VAL_I2
2022-02-07 08:31:46,988:INFO:Iterative Imputation: 5 cycle | VAL_I1
2022-02-07 08:31:47,100:INFO:Iterative Imputation: 5 cycle | VAL_PM2
2022-02-07 08:31:47,218:INFO:Iterative Imputation: 5 cycle | VAL_M3
2022-02-07 08:31:47,417:INFO:Iterative Imputation: 1 cycle | VAL_PM1
2022-02-07 08:31:47,526:INFO:Iterative Imputation: 1 cycle | VAL_C1
2022-02-07 08:31:47,655:INFO:Iterative Imputation: 1 cycle | VAL_M2
2022-02-07 08:31:47,781:INFO:Iterative Imputation: 1 cycle | VAL_M1
2022-02-07 08:31:47,881:INFO:Iterative Imputation: 1 cycle | VAL_I2
2022-02-07 08:31:47,986:INFO:Iterative Imputation: 1 cycle | VAL_I1
2022-02-07 08:31:48,095:INFO:Iterative Imputation: 1 cycle | VAL_PM2
2022-02-07 08:31:48,198:INFO:Iterative Imputation: 1 cycle | VAL_M3
2022-02-07 08:31:48,338:INFO:Iterative Imputation: 2 cycle | VAL_PM1
2022-02-07 08:31:48,437:INFO:Iterative Imputation: 2 cycle | VAL_C1
2022-02-07 08:31:48,552:INFO:Iterative Imputation: 2 cycle | VAL_M2
2022-02-07 08:31:48,654:INFO:Iterative Imputation: 2 cycle | VAL_M1
2022-02-07 08:31:48,770:INFO:Iterative Imputation: 2 cycle | VAL_I2
2022-02-07 08:31:48,888:INFO:Iterative Imputation: 2 cycle | VAL_I1
2022-02-07 08:31:49,007:INFO:Iterative Imputation: 2 cycle | VAL_PM2
2022-02-07 08:31:49,110:INFO:Iterative Imputation: 2 cycle | VAL_M3
2022-02-07 08:31:49,250:INFO:Iterative Imputation: 3 cycle | VAL_PM1
2022-02-07 08:31:49,386:INFO:Iterative Imputation: 3 cycle | VAL_C1
2022-02-07 08:31:49,539:INFO:Iterative Imputation: 3 cycle | VAL_M2
2022-02-07 08:31:49,723:INFO:Iterative Imputation: 3 cycle | VAL_M1
2022-02-07 08:31:49,887:INFO:Iterative Imputation: 3 cycle | VAL_I2
2022-02-07 08:31:50,029:INFO:Iterative Imputation: 3 cycle | VAL_I1
2022-02-07 08:31:50,170:INFO:Iterative Imputation: 3 cycle | VAL_PM2
2022-02-07 08:31:50,290:INFO:Iterative Imputation: 3 cycle | VAL_M3
2022-02-07 08:31:50,416:INFO:Iterative Imputation: 4 cycle | VAL_PM1
2022-02-07 08:31:50,625:INFO:Iterative Imputation: 4 cycle | VAL_C1
2022-02-07 08:31:50,731:INFO:Iterative Imputation: 4 cycle | VAL_M2
2022-02-07 08:31:50,835:INFO:Iterative Imputation: 4 cycle | VAL_M1
2022-02-07 08:31:50,941:INFO:Iterative Imputation: 4 cycle | VAL_I2
2022-02-07 08:31:51,081:INFO:Iterative Imputation: 4 cycle | VAL_I1
2022-02-07 08:31:51,182:INFO:Iterative Imputation: 4 cycle | VAL_PM2
2022-02-07 08:31:51,300:INFO:Iterative Imputation: 4 cycle | VAL_M3
2022-02-07 08:31:51,448:INFO:Iterative Imputation: 5 cycle | VAL_PM1
2022-02-07 08:31:51,568:INFO:Iterative Imputation: 5 cycle | VAL_C1
2022-02-07 08:31:51,669:INFO:Iterative Imputation: 5 cycle | VAL_M2
2022-02-07 08:31:51,780:INFO:Iterative Imputation: 5 cycle | VAL_M1
2022-02-07 08:31:51,881:INFO:Iterative Imputation: 5 cycle | VAL_I2
2022-02-07 08:31:51,998:INFO:Iterative Imputation: 5 cycle | VAL_I1
2022-02-07 08:31:52,100:INFO:Iterative Imputation: 5 cycle | VAL_PM2
2022-02-07 08:31:52,202:INFO:Iterative Imputation: 5 cycle | VAL_M3
2022-02-07 08:31:52,605:INFO:Creating grid variables
2022-02-07 08:31:52,616:INFO:create_model_container: 0
2022-02-07 08:31:52,616:INFO:master_model_container: 0
2022-02-07 08:31:52,616:INFO:display_container: 0
2022-02-07 08:34:59,253:INFO:PyCaret Supervised Module
2022-02-07 08:34:59,254:INFO:ML Usecase: regression
2022-02-07 08:34:59,254:INFO:version 2.2.2
2022-02-07 08:34:59,254:INFO:Initializing setup()
2022-02-07 08:34:59,254:INFO:setup(target=PAT_AGE, ml_usecase=regression, available_plots={'parameter': 'Hyperparameters', 'residuals': 'Residuals', 'error': 'Prediction Error', 'cooks': 'Cooks Distance', 'rfe': 'Feature Selection', 'learning': 'Learning Curve', 'manifold': 'Manifold Learning', 'vc': 'Validation Curve', 'feature': 'Feature Importance', 'feature_all': 'Feature Importance (All)', 'tree': 'Decision Tree'}, train_size=0.7, test_data=None, preprocess=True, imputation_type=iterative, iterative_imputation_iters=5, categorical_features=None, categorical_imputation=constant, categorical_iterative_imputer=lightgbm, ordinal_features=None, high_cardinality_features=None, high_cardinality_method=frequency, numeric_features=None, numeric_imputation=mean, numeric_iterative_imputer=lightgbm, date_features=None, ignore_features=None, normalize=True, normalize_method=zscore, transformation=False, transformation_method=yeo-johnson, handle_unknown_categorical=True, unknown_categorical_method=least_frequent, pca=False, pca_method=linear, pca_components=None, ignore_low_variance=False, combine_rare_levels=False, rare_level_threshold=0.1, bin_numeric_features=None, remove_outliers=False, outliers_threshold=0.05, remove_multicollinearity=False, multicollinearity_threshold=0.9, remove_perfect_collinearity=True, create_clusters=False, cluster_iter=20, polynomial_features=False, polynomial_degree=2, trigonometry_features=False, polynomial_threshold=0.1, group_features=None, group_names=None, feature_selection=False, feature_selection_threshold=0.8, feature_selection_method=classic, feature_interaction=False, feature_ratio=False, interaction_threshold=0.01, fix_imbalance=False, fix_imbalance_method=None, transform_target=False, transform_target_method=box-cox, data_split_shuffle=True, data_split_stratify=False, fold_strategy=kfold, fold=10, fold_shuffle=True, fold_groups=None, n_jobs=-1, use_gpu=False, custom_pipeline=None, html=True, session_id=2, log_experiment=False, experiment_name=None, log_plots=False, log_profile=False, log_data=False, silent=False, verbose=True, profile=False, profile_kwargs=None, display=None)
2022-02-07 08:34:59,254:INFO:Checking environment
2022-02-07 08:34:59,254:INFO:python_version: 3.9.6
2022-02-07 08:34:59,254:INFO:python_build: ('default', 'Jul 11 2021 03:39:48')
2022-02-07 08:34:59,254:INFO:machine: x86_64
2022-02-07 08:34:59,254:INFO:platform: Linux-5.13.0-28-generic-x86_64-with-glibc2.31
2022-02-07 08:34:59,254:INFO:Memory: svmem(total=16391929856, available=10428932096, percent=36.4, used=4611747840, free=4745764864, active=2413715456, inactive=7706038272, buffers=398753792, cached=6635663360, shared=1013919744, slab=495046656)
2022-02-07 08:34:59,255:INFO:Physical Core: 4
2022-02-07 08:34:59,255:INFO:Logical Core: 8
2022-02-07 08:34:59,255:INFO:Checking libraries
2022-02-07 08:34:59,255:INFO:pd==1.3.2
2022-02-07 08:34:59,255:INFO:numpy==1.19.5
2022-02-07 08:34:59,255:INFO:sklearn==1.0.1
2022-02-07 08:34:59,266:INFO:xgboost==1.5.2
2022-02-07 08:34:59,266:INFO:lightgbm==3.3.2
2022-02-07 08:34:59,281:INFO:catboost==1.0.4
2022-02-07 08:34:59,488:INFO:mlflow==1.23.1
2022-02-07 08:34:59,488:INFO:Checking Exceptions
2022-02-07 08:34:59,489:INFO:Declaring global variables
2022-02-07 08:34:59,489:INFO:USI: 80f8
2022-02-07 08:34:59,489:INFO:pycaret_globals: {'y', 'n_jobs_param', 'fold_shuffle_param', 'fix_imbalance_param', 'X_test', 'fold_generator', 'y_train', 'y_test', 'data_before_preprocess', 'iterative_imputation_iters_param', 'html_param', 'logging_param', '_available_plots', 'pycaret_globals', 'exp_name_log', '_gpu_n_jobs_param', 'USI', 'prep_pipe', 'fix_imbalance_method_param', 'imputation_classifier', 'gpu_param', 'X_train', '_all_models_internal', 'target_param', '_all_models', 'X', 'fold_param', '_all_metrics', 'display_container', 'stratify_param', 'fold_groups_param', '_internal_pipeline', 'transform_target_param', 'master_model_container', '_ml_usecase', 'log_plots_param', 'imputation_regressor', 'transform_target_method_param', 'create_model_container', 'experiment__', 'seed'}
2022-02-07 08:34:59,489:INFO:Preparing display monitor
2022-02-07 08:34:59,489:INFO:Preparing display monitor
2022-02-07 08:34:59,501:INFO:Importing libraries
2022-02-07 08:34:59,501:INFO:Copying data for preprocessing
2022-02-07 08:34:59,508:INFO:Declaring preprocessing parameters
2022-02-07 08:34:59,509:INFO:Setting up iterative imputation
2022-02-07 08:34:59,721:INFO:Creating preprocessing pipeline
2022-02-07 08:34:59,725:INFO:Preprocessing pipeline created successfully
2022-02-07 08:34:59,725:ERROR:(Process Exit): setup has been interupted with user command 'quit'. setup must rerun.
2022-02-07 08:34:59,725:INFO:Creating global containers
2022-02-07 08:34:59,726:INFO:Internal pipeline: Pipeline(memory=None, steps=[('empty_step', 'passthrough')], verbose=False)
2022-02-07 08:35:01,275:INFO:Iterative Imputation: 1 cycle | VAL_PM1
2022-02-07 08:35:01,709:INFO:Iterative Imputation: 1 cycle | VAL_C1
2022-02-07 08:35:02,087:INFO:Iterative Imputation: 1 cycle | VAL_M2
2022-02-07 08:35:02,547:INFO:Iterative Imputation: 1 cycle | VAL_M1
2022-02-07 08:35:02,891:INFO:Iterative Imputation: 1 cycle | VAL_I2
2022-02-07 08:35:03,276:INFO:Iterative Imputation: 1 cycle | VAL_I1
2022-02-07 08:35:03,649:INFO:Iterative Imputation: 1 cycle | VAL_PM2
2022-02-07 08:35:04,086:INFO:Iterative Imputation: 1 cycle | VAL_M3
2022-02-07 08:35:04,467:INFO:Iterative Imputation: 2 cycle | VAL_PM1
2022-02-07 08:35:04,868:INFO:Iterative Imputation: 2 cycle | VAL_C1
2022-02-07 08:35:05,223:INFO:Iterative Imputation: 2 cycle | VAL_M2
2022-02-07 08:35:05,811:INFO:Iterative Imputation: 2 cycle | VAL_M1
2022-02-07 08:35:06,153:INFO:Iterative Imputation: 2 cycle | VAL_I2
2022-02-07 08:35:06,491:INFO:Iterative Imputation: 2 cycle | VAL_I1
2022-02-07 08:35:06,820:INFO:Iterative Imputation: 2 cycle | VAL_PM2
2022-02-07 08:35:07,270:INFO:Iterative Imputation: 2 cycle | VAL_M3
2022-02-07 08:35:07,658:INFO:Iterative Imputation: 3 cycle | VAL_PM1
2022-02-07 08:35:08,063:INFO:Iterative Imputation: 3 cycle | VAL_C1
2022-02-07 08:35:08,434:INFO:Iterative Imputation: 3 cycle | VAL_M2
2022-02-07 08:35:08,954:INFO:Iterative Imputation: 3 cycle | VAL_M1
2022-02-07 08:35:09,298:INFO:Iterative Imputation: 3 cycle | VAL_I2
2022-02-07 08:35:09,648:INFO:Iterative Imputation: 3 cycle | VAL_I1
2022-02-07 08:35:10,037:INFO:Iterative Imputation: 3 cycle | VAL_PM2
2022-02-07 08:35:10,480:INFO:Iterative Imputation: 3 cycle | VAL_M3
2022-02-07 08:35:10,873:INFO:Iterative Imputation: 4 cycle | VAL_PM1
2022-02-07 08:35:11,270:INFO:Iterative Imputation: 4 cycle | VAL_C1
2022-02-07 08:35:11,641:INFO:Iterative Imputation: 4 cycle | VAL_M2
2022-02-07 08:35:12,071:INFO:Iterative Imputation: 4 cycle | VAL_M1
2022-02-07 08:35:12,411:INFO:Iterative Imputation: 4 cycle | VAL_I2
2022-02-07 08:35:12,804:INFO:Iterative Imputation: 4 cycle | VAL_I1
2022-02-07 08:35:13,131:INFO:Iterative Imputation: 4 cycle | VAL_PM2
2022-02-07 08:35:13,569:INFO:Iterative Imputation: 4 cycle | VAL_M3
2022-02-07 08:35:13,950:INFO:Iterative Imputation: 5 cycle | VAL_PM1
2022-02-07 08:35:14,357:INFO:Iterative Imputation: 5 cycle | VAL_C1
2022-02-07 08:35:14,710:INFO:Iterative Imputation: 5 cycle | VAL_M2
2022-02-07 08:35:15,140:INFO:Iterative Imputation: 5 cycle | VAL_M1
2022-02-07 08:35:15,462:INFO:Iterative Imputation: 5 cycle | VAL_I2
2022-02-07 08:35:15,831:INFO:Iterative Imputation: 5 cycle | VAL_I1
2022-02-07 08:35:16,358:INFO:Iterative Imputation: 5 cycle | VAL_PM2
2022-02-07 08:35:17,061:INFO:Iterative Imputation: 5 cycle | VAL_M3
2022-02-07 08:35:17,523:INFO:Iterative Imputation: 1 cycle | VAL_PM1
2022-02-07 08:35:17,609:INFO:Iterative Imputation: 1 cycle | VAL_C1
2022-02-07 08:35:17,700:INFO:Iterative Imputation: 1 cycle | VAL_M2
2022-02-07 08:35:17,785:INFO:Iterative Imputation: 1 cycle | VAL_M1
2022-02-07 08:35:17,870:INFO:Iterative Imputation: 1 cycle | VAL_I2
2022-02-07 08:35:17,960:INFO:Iterative Imputation: 1 cycle | VAL_I1
2022-02-07 08:35:18,046:INFO:Iterative Imputation: 1 cycle | VAL_PM2
2022-02-07 08:35:18,132:INFO:Iterative Imputation: 1 cycle | VAL_M3
2022-02-07 08:35:18,226:INFO:Iterative Imputation: 2 cycle | VAL_PM1
2022-02-07 08:35:18,316:INFO:Iterative Imputation: 2 cycle | VAL_C1
2022-02-07 08:35:18,409:INFO:Iterative Imputation: 2 cycle | VAL_M2
2022-02-07 08:35:18,499:INFO:Iterative Imputation: 2 cycle | VAL_M1
2022-02-07 08:35:18,589:INFO:Iterative Imputation: 2 cycle | VAL_I2
2022-02-07 08:35:18,684:INFO:Iterative Imputation: 2 cycle | VAL_I1
2022-02-07 08:35:18,772:INFO:Iterative Imputation: 2 cycle | VAL_PM2
2022-02-07 08:35:18,863:INFO:Iterative Imputation: 2 cycle | VAL_M3
2022-02-07 08:35:18,962:INFO:Iterative Imputation: 3 cycle | VAL_PM1
2022-02-07 08:35:19,051:INFO:Iterative Imputation: 3 cycle | VAL_C1
2022-02-07 08:35:19,139:INFO:Iterative Imputation: 3 cycle | VAL_M2
2022-02-07 08:35:19,236:INFO:Iterative Imputation: 3 cycle | VAL_M1
2022-02-07 08:35:19,323:INFO:Iterative Imputation: 3 cycle | VAL_I2
2022-02-07 08:35:19,414:INFO:Iterative Imputation: 3 cycle | VAL_I1
2022-02-07 08:35:19,509:INFO:Iterative Imputation: 3 cycle | VAL_PM2
2022-02-07 08:35:19,599:INFO:Iterative Imputation: 3 cycle | VAL_M3
2022-02-07 08:35:19,692:INFO:Iterative Imputation: 4 cycle | VAL_PM1
2022-02-07 08:35:19,784:INFO:Iterative Imputation: 4 cycle | VAL_C1
2022-02-07 08:35:19,871:INFO:Iterative Imputation: 4 cycle | VAL_M2
2022-02-07 08:35:19,967:INFO:Iterative Imputation: 4 cycle | VAL_M1
2022-02-07 08:35:20,100:INFO:Iterative Imputation: 4 cycle | VAL_I2
2022-02-07 08:35:20,206:INFO:Iterative Imputation: 4 cycle | VAL_I1
2022-02-07 08:35:20,326:INFO:Iterative Imputation: 4 cycle | VAL_PM2
2022-02-07 08:35:20,561:INFO:Iterative Imputation: 4 cycle | VAL_M3
2022-02-07 08:35:20,675:INFO:Iterative Imputation: 5 cycle | VAL_PM1
2022-02-07 08:35:20,775:INFO:Iterative Imputation: 5 cycle | VAL_C1
2022-02-07 08:35:20,867:INFO:Iterative Imputation: 5 cycle | VAL_M2
2022-02-07 08:35:20,987:INFO:Iterative Imputation: 5 cycle | VAL_M1
2022-02-07 08:35:21,099:INFO:Iterative Imputation: 5 cycle | VAL_I2
2022-02-07 08:35:21,219:INFO:Iterative Imputation: 5 cycle | VAL_I1
2022-02-07 08:35:21,320:INFO:Iterative Imputation: 5 cycle | VAL_PM2
2022-02-07 08:35:21,413:INFO:Iterative Imputation: 5 cycle | VAL_M3
2022-02-07 08:35:21,605:INFO:Iterative Imputation: 1 cycle | VAL_PM1
2022-02-07 08:35:21,705:INFO:Iterative Imputation: 1 cycle | VAL_C1
2022-02-07 08:35:21,822:INFO:Iterative Imputation: 1 cycle | VAL_M2
2022-02-07 08:35:21,923:INFO:Iterative Imputation: 1 cycle | VAL_M1
2022-02-07 08:35:22,020:INFO:Iterative Imputation: 1 cycle | VAL_I2
2022-02-07 08:35:22,119:INFO:Iterative Imputation: 1 cycle | VAL_I1
2022-02-07 08:35:22,221:INFO:Iterative Imputation: 1 cycle | VAL_PM2
2022-02-07 08:35:22,329:INFO:Iterative Imputation: 1 cycle | VAL_M3
2022-02-07 08:35:22,480:INFO:Iterative Imputation: 2 cycle | VAL_PM1
2022-02-07 08:35:22,603:INFO:Iterative Imputation: 2 cycle | VAL_C1
2022-02-07 08:35:22,740:INFO:Iterative Imputation: 2 cycle | VAL_M2
2022-02-07 08:35:22,851:INFO:Iterative Imputation: 2 cycle | VAL_M1
2022-02-07 08:35:22,969:INFO:Iterative Imputation: 2 cycle | VAL_I2
2022-02-07 08:35:23,092:INFO:Iterative Imputation: 2 cycle | VAL_I1
2022-02-07 08:35:23,216:INFO:Iterative Imputation: 2 cycle | VAL_PM2
2022-02-07 08:35:23,315:INFO:Iterative Imputation: 2 cycle | VAL_M3
2022-02-07 08:35:23,447:INFO:Iterative Imputation: 3 cycle | VAL_PM1
2022-02-07 08:35:23,564:INFO:Iterative Imputation: 3 cycle | VAL_C1
2022-02-07 08:35:23,676:INFO:Iterative Imputation: 3 cycle | VAL_M2
2022-02-07 08:35:23,790:INFO:Iterative Imputation: 3 cycle | VAL_M1
2022-02-07 08:35:23,887:INFO:Iterative Imputation: 3 cycle | VAL_I2
2022-02-07 08:35:23,984:INFO:Iterative Imputation: 3 cycle | VAL_I1
2022-02-07 08:35:24,075:INFO:Iterative Imputation: 3 cycle | VAL_PM2
2022-02-07 08:35:24,168:INFO:Iterative Imputation: 3 cycle | VAL_M3
2022-02-07 08:35:24,270:INFO:Iterative Imputation: 4 cycle | VAL_PM1
2022-02-07 08:35:24,359:INFO:Iterative Imputation: 4 cycle | VAL_C1
2022-02-07 08:35:24,453:INFO:Iterative Imputation: 4 cycle | VAL_M2
2022-02-07 08:35:24,542:INFO:Iterative Imputation: 4 cycle | VAL_M1
2022-02-07 08:35:24,630:INFO:Iterative Imputation: 4 cycle | VAL_I2
2022-02-07 08:35:24,735:INFO:Iterative Imputation: 4 cycle | VAL_I1
2022-02-07 08:35:24,824:INFO:Iterative Imputation: 4 cycle | VAL_PM2
2022-02-07 08:35:24,915:INFO:Iterative Imputation: 4 cycle | VAL_M3
2022-02-07 08:35:25,025:INFO:Iterative Imputation: 5 cycle | VAL_PM1
2022-02-07 08:35:25,114:INFO:Iterative Imputation: 5 cycle | VAL_C1
2022-02-07 08:35:25,214:INFO:Iterative Imputation: 5 cycle | VAL_M2
2022-02-07 08:35:25,304:INFO:Iterative Imputation: 5 cycle | VAL_M1
2022-02-07 08:35:25,393:INFO:Iterative Imputation: 5 cycle | VAL_I2
2022-02-07 08:35:25,495:INFO:Iterative Imputation: 5 cycle | VAL_I1
2022-02-07 08:35:25,584:INFO:Iterative Imputation: 5 cycle | VAL_PM2
2022-02-07 08:35:25,691:INFO:Iterative Imputation: 5 cycle | VAL_M3
2022-02-07 08:35:26,075:INFO:Creating grid variables
2022-02-07 08:35:26,089:INFO:create_model_container: 0
2022-02-07 08:35:26,089:INFO:master_model_container: 0
2022-02-07 08:35:26,089:INFO:display_container: 0
